2025-05-21 19:03:20.853 | INFO     | __main__:parse_all_downloaded:451 - Found 5102 downloaded pages to process.
2025-05-21 19:03:20.853 | INFO     | __main__:parse_all_downloaded:458 - page_16.html
2025-05-21 19:03:20.888 | INFO     | __main__:save_to_sqlite:438 - Saved 0 new poems to output/poetry.db
2025-05-21 19:03:20.988 | INFO     | __main__:assign_ayat:230 - ==========
2025-05-21 19:03:20.988 | INFO     | __main__:assign_ayat:250 - TARGET -> بسم الله الرحمن الرحيم
2025-05-21 19:03:20.988 | INFO     | __main__:assign_ayat:251 - BUILDER_LIST -> بسم
2025-05-21 19:03:20.988 | INFO     | __main__:assign_ayat:252 - TARGET CHECK -> بسماللهالرحمنالرحيم
2025-05-21 19:03:20.989 | INFO     | __main__:assign_ayat:253 - AYA CHECK -> بسم
2025-05-21 19:03:20.989 | INFO     | __main__:assign_ayat:254 - AYA INDEX -> 1
2025-05-21 19:03:20.989 | INFO     | __main__:assign_ayat:255 - SURAH INDEX -> 1
2025-05-21 19:03:20.989 | INFO     | __main__:assign_ayat:282 - ==========
2025-05-21 19:03:21.002 | INFO     | __main__:parse_all_downloaded:458 - page_17.html
2025-05-21 19:03:21.021 | INFO     | __main__:save_to_sqlite:438 - Saved 6 new poems to output/poetry.db
2025-05-21 19:03:21.103 | INFO     | __main__:assign_ayat:230 - ==========
2025-05-21 19:03:21.104 | INFO     | __main__:assign_ayat:250 - TARGET -> بسم الله الرحمن الرحيم
2025-05-21 19:03:21.104 | INFO     | __main__:assign_ayat:251 - BUILDER_LIST -> بسم الله
2025-05-21 19:03:21.104 | INFO     | __main__:assign_ayat:252 - TARGET CHECK -> بسماللهالرحمنالرحيم
2025-05-21 19:03:21.104 | INFO     | __main__:assign_ayat:253 - AYA CHECK -> بسمالله
2025-05-21 19:03:21.104 | INFO     | __main__:assign_ayat:254 - AYA INDEX -> 1
2025-05-21 19:03:21.104 | INFO     | __main__:assign_ayat:255 - SURAH INDEX -> 1
2025-05-21 19:03:21.104 | INFO     | __main__:assign_ayat:282 - ==========
2025-05-21 19:03:21.110 | INFO     | __main__:parse_all_downloaded:458 - page_18.html
2025-05-21 19:03:21.129 | INFO     | __main__:save_to_sqlite:438 - Saved 6 new poems to output/poetry.db
2025-05-21 19:03:21.202 | INFO     | __main__:assign_ayat:230 - ==========
2025-05-21 19:03:21.202 | INFO     | __main__:assign_ayat:250 - TARGET -> بسم الله الرحمن الرحيم
2025-05-21 19:03:21.202 | INFO     | __main__:assign_ayat:251 - BUILDER_LIST -> بسم الله الرحمن الرحيم
2025-05-21 19:03:21.202 | INFO     | __main__:assign_ayat:252 - TARGET CHECK -> بسماللهالرحمنالرحيم
2025-05-21 19:03:21.202 | INFO     | __main__:assign_ayat:253 - AYA CHECK -> بسماللهالرحمنالرحيم
2025-05-21 19:03:21.202 | INFO     | __main__:assign_ayat:254 - AYA INDEX -> 1
2025-05-21 19:03:21.202 | INFO     | __main__:assign_ayat:255 - SURAH INDEX -> 1
2025-05-21 19:03:21.203 | INFO     | __main__:assign_ayat:282 - ==========
2025-05-21 19:03:21.208 | INFO     | __main__:parse_all_downloaded:458 - page_19.html
2025-05-21 19:03:21.227 | INFO     | __main__:save_to_sqlite:438 - Saved 3 new poems to output/poetry.db
2025-05-21 19:03:21.300 | INFO     | __main__:assign_ayat:230 - ==========
2025-05-21 19:03:21.300 | INFO     | __main__:assign_ayat:250 - TARGET -> الحمد لله رب العالمين
2025-05-21 19:03:21.300 | INFO     | __main__:assign_ayat:251 - BUILDER_LIST -> الحمد لله
2025-05-21 19:03:21.300 | INFO     | __main__:assign_ayat:252 - TARGET CHECK -> الحمدللهربالعالمين
2025-05-21 19:03:21.300 | INFO     | __main__:assign_ayat:253 - AYA CHECK -> الحمدلله
2025-05-21 19:03:21.300 | INFO     | __main__:assign_ayat:254 - AYA INDEX -> 2
2025-05-21 19:03:21.300 | INFO     | __main__:assign_ayat:255 - SURAH INDEX -> 1
2025-05-21 19:03:21.300 | INFO     | __main__:assign_ayat:282 - ==========
2025-05-21 19:03:21.305 | INFO     | __main__:parse_all_downloaded:458 - page_20.html
2025-05-21 19:03:21.324 | INFO     | __main__:save_to_sqlite:438 - Saved 2 new poems to output/poetry.db
2025-05-21 19:03:21.390 | INFO     | __main__:assign_ayat:230 - ==========
2025-05-21 19:03:21.390 | INFO     | __main__:assign_ayat:250 - TARGET -> الحمد لله رب العالمين
2025-05-21 19:03:21.390 | INFO     | __main__:assign_ayat:251 - BUILDER_LIST -> الحمد لله رب
2025-05-21 19:03:21.390 | INFO     | __main__:assign_ayat:252 - TARGET CHECK -> الحمدللهربالعالمين
2025-05-21 19:03:21.390 | INFO     | __main__:assign_ayat:253 - AYA CHECK -> الحمدللهرب
2025-05-21 19:03:21.390 | INFO     | __main__:assign_ayat:254 - AYA INDEX -> 2
2025-05-21 19:03:21.390 | INFO     | __main__:assign_ayat:255 - SURAH INDEX -> 1
2025-05-21 19:03:21.390 | INFO     | __main__:assign_ayat:282 - ==========
2025-05-21 19:03:21.396 | INFO     | __main__:parse_all_downloaded:458 - page_21.html
2025-05-21 19:03:21.414 | INFO     | __main__:save_to_sqlite:438 - Saved 4 new poems to output/poetry.db
2025-05-21 19:03:21.487 | INFO     | __main__:assign_ayat:230 - ==========
2025-05-21 19:03:21.487 | INFO     | __main__:assign_ayat:250 - TARGET -> الحمد لله رب العالمين
2025-05-21 19:03:21.487 | INFO     | __main__:assign_ayat:251 - BUILDER_LIST -> الحمد لله رب العالمين
2025-05-21 19:03:21.487 | INFO     | __main__:assign_ayat:252 - TARGET CHECK -> الحمدللهربالعالمين
2025-05-21 19:03:21.487 | INFO     | __main__:assign_ayat:253 - AYA CHECK -> الحمدللهربالعالمين
2025-05-21 19:03:21.487 | INFO     | __main__:assign_ayat:254 - AYA INDEX -> 2
2025-05-21 19:03:21.487 | INFO     | __main__:assign_ayat:255 - SURAH INDEX -> 1
2025-05-21 19:03:21.488 | INFO     | __main__:assign_ayat:282 - ==========
2025-05-21 19:03:21.492 | INFO     | __main__:parse_all_downloaded:458 - page_22.html
2025-05-21 19:03:21.511 | INFO     | __main__:save_to_sqlite:438 - Saved 1 new poems to output/poetry.db
2025-05-21 19:03:21.579 | INFO     | __main__:assign_ayat:230 - ==========
2025-05-21 19:03:21.579 | INFO     | __main__:assign_ayat:250 - TARGET -> الرحمن الرحيم
2025-05-21 19:03:21.579 | INFO     | __main__:assign_ayat:251 - BUILDER_LIST -> الرحمن الرحيم
2025-05-21 19:03:21.579 | INFO     | __main__:assign_ayat:252 - TARGET CHECK -> الرحمنالرحيم
2025-05-21 19:03:21.579 | INFO     | __main__:assign_ayat:253 - AYA CHECK -> الرحمنالرحيم
2025-05-21 19:03:21.579 | INFO     | __main__:assign_ayat:254 - AYA INDEX -> 3
2025-05-21 19:03:21.579 | INFO     | __main__:assign_ayat:255 - SURAH INDEX -> 1
2025-05-21 19:03:21.579 | INFO     | __main__:assign_ayat:282 - ==========
2025-05-21 19:03:21.582 | INFO     | __main__:parse_all_downloaded:458 - page_23.html
2025-05-21 19:03:21.601 | INFO     | __main__:save_to_sqlite:438 - Saved 1 new poems to output/poetry.db
2025-05-21 19:03:21.679 | INFO     | __main__:assign_ayat:230 - ==========
2025-05-21 19:03:21.679 | INFO     | __main__:assign_ayat:250 - TARGET -> مالك يوم الدين
2025-05-21 19:03:21.679 | INFO     | __main__:assign_ayat:251 - BUILDER_LIST -> مالك
2025-05-21 19:03:21.679 | INFO     | __main__:assign_ayat:252 - TARGET CHECK -> مالكيومالدين
2025-05-21 19:03:21.680 | INFO     | __main__:assign_ayat:253 - AYA CHECK -> مالك
2025-05-21 19:03:21.680 | INFO     | __main__:assign_ayat:254 - AYA INDEX -> 4
2025-05-21 19:03:21.680 | INFO     | __main__:assign_ayat:255 - SURAH INDEX -> 1
2025-05-21 19:03:21.680 | INFO     | __main__:assign_ayat:282 - ==========
2025-05-21 19:03:21.686 | INFO     | __main__:parse_all_downloaded:458 - page_24.html
2025-05-21 19:03:21.705 | INFO     | __main__:save_to_sqlite:438 - Saved 4 new poems to output/poetry.db
2025-05-21 19:03:21.771 | INFO     | __main__:assign_ayat:230 - ==========
2025-05-21 19:03:21.771 | INFO     | __main__:assign_ayat:250 - TARGET -> مالك يوم الدين
2025-05-21 19:03:21.771 | INFO     | __main__:assign_ayat:251 - BUILDER_LIST -> مالك يوم الدين
2025-05-21 19:03:21.771 | INFO     | __main__:assign_ayat:252 - TARGET CHECK -> مالكيومالدين
2025-05-21 19:03:21.771 | INFO     | __main__:assign_ayat:253 - AYA CHECK -> مالكيومالدين
2025-05-21 19:03:21.771 | INFO     | __main__:assign_ayat:254 - AYA INDEX -> 4
2025-05-21 19:03:21.771 | INFO     | __main__:assign_ayat:255 - SURAH INDEX -> 1
2025-05-21 19:03:21.771 | INFO     | __main__:assign_ayat:282 - ==========
2025-05-21 19:03:21.775 | INFO     | __main__:parse_all_downloaded:458 - page_25.html
2025-05-21 19:03:21.788 | INFO     | __main__:save_to_sqlite:438 - Saved 2 new poems to output/poetry.db
2025-05-21 19:03:21.854 | INFO     | __main__:assign_ayat:230 - ==========
2025-05-21 19:03:21.855 | INFO     | __main__:assign_ayat:250 - TARGET -> إياك نعبد وإياك نستعين
2025-05-21 19:03:21.855 | INFO     | __main__:assign_ayat:251 - BUILDER_LIST -> إياك نعبد
2025-05-21 19:03:21.855 | INFO     | __main__:assign_ayat:252 - TARGET CHECK -> إياكنعبدوإياكنستعين
2025-05-21 19:03:21.855 | INFO     | __main__:assign_ayat:253 - AYA CHECK -> إياكنعبد
2025-05-21 19:03:21.855 | INFO     | __main__:assign_ayat:254 - AYA INDEX -> 5
2025-05-21 19:03:21.855 | INFO     | __main__:assign_ayat:255 - SURAH INDEX -> 1
2025-05-21 19:03:21.855 | INFO     | __main__:assign_ayat:282 - ==========
2025-05-21 19:03:21.858 | INFO     | __main__:parse_all_downloaded:458 - page_26.html
2025-05-21 19:03:21.877 | INFO     | __main__:save_to_sqlite:438 - Saved 1 new poems to output/poetry.db
2025-05-21 19:03:22.002 | INFO     | __main__:assign_ayat:230 - ==========
2025-05-21 19:03:22.002 | INFO     | __main__:assign_ayat:250 - TARGET -> إياك نعبد وإياك نستعين
2025-05-21 19:03:22.003 | INFO     | __main__:assign_ayat:251 - BUILDER_LIST -> إياك نعبد وإياك نستعين
2025-05-21 19:03:22.003 | INFO     | __main__:assign_ayat:252 - TARGET CHECK -> إياكنعبدوإياكنستعين
2025-05-21 19:03:22.003 | INFO     | __main__:assign_ayat:253 - AYA CHECK -> إياكنعبدوإياكنستعين
2025-05-21 19:03:22.003 | INFO     | __main__:assign_ayat:254 - AYA INDEX -> 5
2025-05-21 19:03:22.003 | INFO     | __main__:assign_ayat:255 - SURAH INDEX -> 1
2025-05-21 19:03:22.003 | INFO     | __main__:assign_ayat:282 - ==========
2025-05-21 19:03:22.008 | INFO     | __main__:parse_all_downloaded:458 - page_27.html
2025-05-21 19:03:22.035 | INFO     | __main__:save_to_sqlite:438 - Saved 3 new poems to output/poetry.db
2025-05-21 19:03:22.107 | INFO     | __main__:assign_ayat:230 - ==========
2025-05-21 19:03:22.108 | INFO     | __main__:assign_ayat:250 - TARGET -> اهدنا الصراط المستقيم
2025-05-21 19:03:22.108 | INFO     | __main__:assign_ayat:251 - BUILDER_LIST -> اهدنا
2025-05-21 19:03:22.108 | INFO     | __main__:assign_ayat:252 - TARGET CHECK -> اهدناالصراطالمستقيم
2025-05-21 19:03:22.108 | INFO     | __main__:assign_ayat:253 - AYA CHECK -> اهدنا
2025-05-21 19:03:22.108 | INFO     | __main__:assign_ayat:254 - AYA INDEX -> 6
2025-05-21 19:03:22.108 | INFO     | __main__:assign_ayat:255 - SURAH INDEX -> 1
2025-05-21 19:03:22.108 | INFO     | __main__:assign_ayat:282 - ==========
2025-05-21 19:03:22.113 | INFO     | __main__:parse_all_downloaded:458 - page_28.html
2025-05-21 19:03:22.133 | INFO     | __main__:save_to_sqlite:438 - Saved 5 new poems to output/poetry.db
2025-05-21 19:03:22.201 | INFO     | __main__:assign_ayat:230 - ==========
2025-05-21 19:03:22.202 | INFO     | __main__:assign_ayat:250 - TARGET -> اهدنا الصراط المستقيم
2025-05-21 19:03:22.202 | INFO     | __main__:assign_ayat:251 - BUILDER_LIST -> اهدنا الصراط المستقيم
2025-05-21 19:03:22.202 | INFO     | __main__:assign_ayat:252 - TARGET CHECK -> اهدناالصراطالمستقيم
2025-05-21 19:03:22.202 | INFO     | __main__:assign_ayat:253 - AYA CHECK -> اهدناالصراطالمستقيم
2025-05-21 19:03:22.202 | INFO     | __main__:assign_ayat:254 - AYA INDEX -> 6
2025-05-21 19:03:22.202 | INFO     | __main__:assign_ayat:255 - SURAH INDEX -> 1
2025-05-21 19:03:22.202 | INFO     | __main__:assign_ayat:282 - ==========
2025-05-21 19:03:22.207 | INFO     | __main__:parse_all_downloaded:458 - page_29.html
2025-05-21 19:03:22.220 | INFO     | __main__:save_to_sqlite:438 - Saved 3 new poems to output/poetry.db
2025-05-21 19:03:22.290 | INFO     | __main__:assign_ayat:230 - ==========
2025-05-21 19:03:22.290 | INFO     | __main__:assign_ayat:250 - TARGET -> صراط الذين أنعمت عليهم غير المغضوب عليهم ولا الضالين
2025-05-21 19:03:22.290 | INFO     | __main__:assign_ayat:251 - BUILDER_LIST -> صراط الذين أنعمت عليهم
2025-05-21 19:03:22.290 | INFO     | __main__:assign_ayat:252 - TARGET CHECK -> صراطالذينأنعمتعليهمغيرالمغضوبعليهمولاالضالين
2025-05-21 19:03:22.290 | INFO     | __main__:assign_ayat:253 - AYA CHECK -> صراطالذينأنعمتعليهم
2025-05-21 19:03:22.291 | INFO     | __main__:assign_ayat:254 - AYA INDEX -> 7
2025-05-21 19:03:22.291 | INFO     | __main__:assign_ayat:255 - SURAH INDEX -> 1
2025-05-21 19:03:22.291 | INFO     | __main__:assign_ayat:282 - ==========
2025-05-21 19:03:22.295 | INFO     | __main__:parse_all_downloaded:458 - page_30.html
2025-05-21 19:03:22.314 | INFO     | __main__:save_to_sqlite:438 - Saved 2 new poems to output/poetry.db
2025-05-21 19:03:22.387 | INFO     | __main__:assign_ayat:230 - ==========
2025-05-21 19:03:22.387 | INFO     | __main__:assign_ayat:250 - TARGET -> صراط الذين أنعمت عليهم غير المغضوب عليهم ولا الضالين
2025-05-21 19:03:22.387 | INFO     | __main__:assign_ayat:251 - BUILDER_LIST -> صراط الذين أنعمت عليهم غير المغضوب عليهم
2025-05-21 19:03:22.387 | INFO     | __main__:assign_ayat:252 - TARGET CHECK -> صراطالذينأنعمتعليهمغيرالمغضوبعليهمولاالضالين
2025-05-21 19:03:22.387 | INFO     | __main__:assign_ayat:253 - AYA CHECK -> صراطالذينأنعمتعليهمغيرالمغضوبعليهم
2025-05-21 19:03:22.387 | INFO     | __main__:assign_ayat:254 - AYA INDEX -> 7
2025-05-21 19:03:22.387 | INFO     | __main__:assign_ayat:255 - SURAH INDEX -> 1
2025-05-21 19:03:22.387 | INFO     | __main__:assign_ayat:282 - ==========
2025-05-21 19:03:22.391 | INFO     | __main__:parse_all_downloaded:458 - page_31.html
2025-05-21 19:03:22.410 | INFO     | __main__:save_to_sqlite:438 - Saved 1 new poems to output/poetry.db
2025-05-21 19:03:22.480 | INFO     | __main__:assign_ayat:230 - ==========
2025-05-21 19:03:22.481 | INFO     | __main__:assign_ayat:250 - TARGET -> صراط الذين أنعمت عليهم غير المغضوب عليهم ولا الضالين
2025-05-21 19:03:22.481 | INFO     | __main__:assign_ayat:251 - BUILDER_LIST -> صراط الذين أنعمت عليهم غير المغضوب عليهم ولا الضالين
2025-05-21 19:03:22.481 | INFO     | __main__:assign_ayat:252 - TARGET CHECK -> صراطالذينأنعمتعليهمغيرالمغضوبعليهمولاالضالين
2025-05-21 19:03:22.481 | INFO     | __main__:assign_ayat:253 - AYA CHECK -> صراطالذينأنعمتعليهمغيرالمغضوبعليهمولاالضالين
2025-05-21 19:03:22.481 | INFO     | __main__:assign_ayat:254 - AYA INDEX -> 7
2025-05-21 19:03:22.481 | INFO     | __main__:assign_ayat:255 - SURAH INDEX -> 1
2025-05-21 19:03:22.481 | INFO     | __main__:assign_ayat:282 - ==========
2025-05-21 19:03:22.490 | INFO     | __main__:parse_all_downloaded:458 - page_32.html
2025-05-21 19:03:22.509 | INFO     | __main__:save_to_sqlite:438 - Saved 5 new poems to output/poetry.db
2025-05-21 19:03:22.577 | ERROR    | __main__:extract_quranic_info:74 - Error extracting Quranic info
Traceback (most recent call last):

  File "/home/iq/code/shawahid/SCRAPER/scraper/scraper.py", line 484, in <module>
    parse_all_downloaded()
    └ <function parse_all_downloaded at 0x765f159e89a0>

  File "/home/iq/code/shawahid/SCRAPER/scraper/scraper.py", line 466, in parse_all_downloaded
    data = extract_poetry_data(html)
           │                   └ '<!DOCTYPE html>\n<html>\n\t<head>\n\t\t<meta charset="utf-8">\n\t\t<meta http-equiv="X-UA-Compatible" content="IE=edge" />\n...
           └ <function extract_poetry_data at 0x765f159e8860>

  File "/home/iq/code/shawahid/SCRAPER/scraper/scraper.py", line 308, in extract_poetry_data
    verse_word, surah_name = extract_quranic_info(soup)
                             │                    └ <!DOCTYPE html>
                             │                      <html>
                             │                      <head>
                             │                      <meta charset="utf-8"/>
                             │                      <meta content="IE=edge" http-equiv="X-UA-Compatible"/>
                             │                      <meta content="a...
                             └ <function extract_quranic_info at 0x765f159e84a0>

> File "/home/iq/code/shawahid/SCRAPER/scraper/scraper.py", line 71, in extract_quranic_info
    verse = ayaparts[1].strip()
            └ ['مسألة يسأل عنها أهل الإلحاد الطاعنون في القرآن']

IndexError: list index out of range
2025-05-21 19:03:22.664 | INFO     | __main__:assign_ayat:230 - ==========
2025-05-21 19:03:22.664 | ERROR    | __main__:extract_poetry_data:377 - Failed to extract poetry data
Traceback (most recent call last):

  File "/home/iq/code/shawahid/SCRAPER/scraper/scraper.py", line 484, in <module>
    parse_all_downloaded()
    └ <function parse_all_downloaded at 0x765f159e89a0>

  File "/home/iq/code/shawahid/SCRAPER/scraper/scraper.py", line 466, in parse_all_downloaded
    data = extract_poetry_data(html)
           │                   └ '<!DOCTYPE html>\n<html>\n\t<head>\n\t\t<meta charset="utf-8">\n\t\t<meta http-equiv="X-UA-Compatible" content="IE=edge" />\n...
           └ <function extract_poetry_data at 0x765f159e8860>

> File "/home/iq/code/shawahid/SCRAPER/scraper/scraper.py", line 310, in extract_poetry_data
    verse,verse_key = assign_ayat(current_verse=verse_word,surah_name=surah_name)
                      │                         │                     └ None
                      │                         └ None
                      └ <function assign_ayat at 0x765f159e87c0>

  File "/home/iq/code/shawahid/SCRAPER/scraper/scraper.py", line 233, in assign_ayat
    SURAHN = SURAHNUMBERHASHMAP[surah_name.strip()]
             │                  └ None
             └ {'الفاتحة': 1, 'البقرة': 2, 'آل عمران': 3, 'النساء': 4, 'المائدة': 5, 'الأنعام': 6, 'الأعراف': 7, 'الأنفال': 8, 'التوبة': 9, ...

AttributeError: 'NoneType' object has no attribute 'strip'
2025-05-21 19:03:22.668 | INFO     | __main__:parse_all_downloaded:458 - page_33.html
2025-05-21 19:03:22.669 | INFO     | __main__:save_to_sqlite:438 - Saved 0 new poems to output/poetry.db
2025-05-21 19:03:22.760 | INFO     | __main__:assign_ayat:230 - ==========
